<?xml version="1.0" encoding="UTF-8"?>
<testng-results ignored="0" total="1" passed="1" failed="0" skipped="0">
  <reporter-output>
  </reporter-output>
  <suite started-at="2021-07-03T04:30:39Z" name="Default suite" finished-at="2021-07-03T04:30:46Z" duration-ms="6539">
    <groups>
    </groups>
    <test started-at="2021-07-03T04:30:39Z" name="Default test" finished-at="2021-07-03T04:30:46Z" duration-ms="6539">
      <class name="taskList.LandingPg_logo_test">
        <test-method is-config="true" signature="setupWebDriver()[pri:0, instance:taskList.LandingPg_logo_test@64e7619d]" started-at="2021-07-03T04:30:35Z" name="setupWebDriver" finished-at="2021-07-03T04:30:39Z" duration-ms="4617" status="PASS">
          <reporter-output>
          </reporter-output>
        </test-method> <!-- setupWebDriver -->
        <test-method signature="testLogo()[pri:0, instance:taskList.LandingPg_logo_test@64e7619d]" started-at="2021-07-03T04:30:39Z" name="testLogo" finished-at="2021-07-03T04:30:46Z" duration-ms="6489" status="PASS">
          <reporter-output>
          </reporter-output>
        </test-method> <!-- testLogo -->
      </class> <!-- taskList.LandingPg_logo_test -->
    </test> <!-- Default test -->
  </suite> <!-- Default suite -->
</testng-results>
